<?xml version="1.0" encoding="UTF-8"?>
<testng-results ignored="0" total="1" passed="1" failed="0" skipped="0">
  <reporter-output>
  </reporter-output>
  <suite started-at="2023-10-16T18:25:39 IST" name="Default suite" finished-at="2023-10-16T18:26:17 IST" duration-ms="38316">
    <groups>
    </groups>
    <test started-at="2023-10-16T18:25:39 IST" name="Default test" finished-at="2023-10-16T18:26:17 IST" duration-ms="38316">
      <class name="com.testcases.customer_Test">
        <test-method is-config="true" signature="setup()[pri:0, instance:com.testcases.customer_Test@62379589]" started-at="2023-10-16T18:25:39 IST" name="setup" finished-at="2023-10-16T18:25:47 IST" duration-ms="7919" status="PASS">
          <reporter-output>
          </reporter-output>
        </test-method> <!-- setup -->
        <test-method signature="Customervalidation()[pri:0, instance:com.testcases.customer_Test@62379589]" started-at="2023-10-16T18:25:47 IST" name="Customervalidation" finished-at="2023-10-16T18:26:17 IST" duration-ms="30337" status="PASS">
          <reporter-output>
          </reporter-output>
        </test-method> <!-- Customervalidation -->
        <test-method is-config="true" signature="teardown()[pri:0, instance:com.testcases.customer_Test@62379589]" started-at="2023-10-16T18:26:17 IST" name="teardown" finished-at="2023-10-16T18:26:17 IST" duration-ms="1" status="PASS">
          <reporter-output>
          </reporter-output>
        </test-method> <!-- teardown -->
      </class> <!-- com.testcases.customer_Test -->
    </test> <!-- Default test -->
  </suite> <!-- Default suite -->
</testng-results>
