<?xml version="1.0" encoding="UTF-8"?>
<testng-results ignored="0" total="1" passed="1" failed="0" skipped="0">
  <reporter-output>
  </reporter-output>
  <suite started-at="2023-11-09T15:48:07 IST" name="Default suite" finished-at="2023-11-09T15:48:17 IST" duration-ms="9820">
    <groups>
    </groups>
    <test started-at="2023-11-09T15:48:07 IST" name="Default test" finished-at="2023-11-09T15:48:17 IST" duration-ms="9820">
      <class name="com.testcases.Logout_Test">
        <test-method is-config="true" signature="setup()[pri:0, instance:com.testcases.Logout_Test@776aec5c]" started-at="2023-11-09T15:48:07 IST" name="setup" finished-at="2023-11-09T15:48:13 IST" duration-ms="5346" status="PASS">
          <reporter-output>
          </reporter-output>
        </test-method> <!-- setup -->
        <test-method signature="logoutvalidation()[pri:0, instance:com.testcases.Logout_Test@776aec5c]" started-at="2023-11-09T15:48:13 IST" name="logoutvalidation" finished-at="2023-11-09T15:48:17 IST" duration-ms="4423" status="PASS">
          <reporter-output>
          </reporter-output>
        </test-method> <!-- logoutvalidation -->
        <test-method is-config="true" signature="teardown()[pri:0, instance:com.testcases.Logout_Test@776aec5c]" started-at="2023-11-09T15:48:17 IST" name="teardown" finished-at="2023-11-09T15:48:17 IST" duration-ms="0" status="PASS">
          <reporter-output>
          </reporter-output>
        </test-method> <!-- teardown -->
      </class> <!-- com.testcases.Logout_Test -->
    </test> <!-- Default test -->
  </suite> <!-- Default suite -->
</testng-results>
